This is pdfTeX, Version 3.14159265-2.6-1.40.16 (TeX Live 2015) (preloaded format=pdflatex)
 restricted \write18 enabled.
entering extended mode
(/tmp/git-latexdiff.G43nJU/diff.tex
LaTeX2e <2015/01/01>
Babel <3.9l> and hyphenation patterns for 79 languages loaded.
! Undefined control sequence.
l.3 \section
            {Analysis of Algorithms}

! LaTeX Error: Missing \begin{document}.

See the LaTeX manual or LaTeX Companion for explanation.
Type  H <return>  for immediate help.
 ...                                              
                                                  
l.3 \section{A
              nalysis of Algorithms}
! Undefined control sequence.
l.4 \subsection
               {Notation}

Overfull \hbox (20.0pt too wide) in paragraph at lines 3--5
[]

! LaTeX Error: Missing \begin{document}.

See the LaTeX manual or LaTeX Companion for explanation.
Type  H <return>  for immediate help.
 ...                                              
                                                  
l.6 W
     e will begin by defining the notation used to analyze Hidden Markov

Overfull \hbox (20.0pt too wide) in paragraph at lines 6--8
[]

! LaTeX Error: Missing \begin{document}.

See the LaTeX manual or LaTeX Companion for explanation.
Type  H <return>  for immediate help.
 ...                                              
                                                  
l.9 \begin{equation}
                    

Overfull \hbox (20.0pt too wide) in paragraph at lines 9--9
[] 

Overfull \hbox (91.66086pt too wide) detected at line 11
\OML/cmm/m/it/10 S \OT1/cmr/m/n/10 = \OMS/cmsy/m/n/10 f\OML/cmm/m/it/10 S[]; S[
]; [] ; S[]\OMS/cmsy/m/n/10 g

! LaTeX Error: Missing \begin{document}.

See the LaTeX manual or LaTeX Companion for explanation.
Type  H <return>  for immediate help.
 ...                                              
                                                  
l.13 w
      here $N$ is the number of states. The symbols of the model are likewise

Overfull \hbox (20.0pt too wide) in paragraph at lines 13--15
[]

Overfull \hbox (9.12497pt too wide) in paragraph at lines 13--15
\OML/cmm/m/it/10 N$

! LaTeX Error: Missing \begin{document}.

See the LaTeX manual or LaTeX Companion for explanation.
Type  H <return>  for immediate help.
 ...                                              
                                                  
l.16 \begin{equation}
                     

Overfull \hbox (20.0pt too wide) in paragraph at lines 16--16
[] 

Overfull \hbox (93.40393pt too wide) detected at line 18
\OML/cmm/m/it/10 V \OT1/cmr/m/n/10 = \OMS/cmsy/m/n/10 f\OML/cmm/m/it/10 V[]; V[
]; [] ; V[]\OMS/cmsy/m/n/10 g

! LaTeX Error: Missing \begin{document}.

See the LaTeX manual or LaTeX Companion for explanation.
Type  H <return>  for immediate help.
 ...                                              
                                                  
l.20 w
      here $M$ is the number of symbols. The current time is denoted $t$
! Undefined control sequence.
l.21 which ranges from $t=1, \ldots, \Tau
                                         $, and the state at the current

Overfull \hbox (20.0pt too wide) in paragraph at lines 20--28
[]

Overfull \hbox (10.79166pt too wide) in paragraph at lines 20--28
\OML/cmm/m/it/10 M$

Overfull \hbox (3.61111pt too wide) in paragraph at lines 20--28
\OML/cmm/m/it/10 t$

Overfull \hbox (14.16663pt too wide) in paragraph at lines 20--28
\OML/cmm/m/it/10 t \OT1/cmr/m/n/10 =

Overfull \hbox (25.55545pt too wide) in paragraph at lines 20--28
\OT1/cmr/m/n/10 1\OML/cmm/m/it/10 ; [] ;$

Overfull \hbox (7.98497pt too wide) in paragraph at lines 20--28
\OML/cmm/m/it/10 q[]$

Overfull \hbox (6.70831pt too wide) in paragraph at lines 20--28
\OML/cmm/m/it/10 S$

Overfull \hbox (4.8229pt too wide) in paragraph at lines 20--28
\OML/cmm/m/it/10 q$

Overfull \hbox (12.26657pt too wide) in paragraph at lines 20--28
\OT1/cmr/m/it/10 se-

Overfull \hbox (28.87755pt too wide) in paragraph at lines 20--28
\OT1/cmr/m/it/10 quence

Overfull \hbox (8.17773pt too wide) in paragraph at lines 20--28
\OT1/cmr/m/it/10 of

Overfull \hbox (24.53316pt too wide) in paragraph at lines 20--28
\OT1/cmr/m/it/10 states

Overfull \hbox (18.52763pt too wide) in paragraph at lines 20--28
\OT1/cmr/m/it/10 over

Overfull \hbox (19.16653pt too wide) in paragraph at lines 20--28
\OT1/cmr/m/it/10 time

Overfull \hbox (10.3455pt too wide) in paragraph at lines 20--28
\OML/cmm/m/it/10 S[]$

Overfull \hbox (9.46123pt too wide) in paragraph at lines 20--28
\OML/cmm/m/it/10 S[]$

! LaTeX Error: Missing \begin{document}.

See the LaTeX manual or LaTeX Companion for explanation.
Type  H <return>  for immediate help.
 ...                                              
                                                  
l.29 \begin{equation}
                     

Overfull \hbox (20.0pt too wide) in paragraph at lines 29--29
[] 

Overfull \hbox (222.70801pt too wide) detected at line 32
\OML/cmm/m/it/10 A \OT1/cmr/m/n/10 = \OMS/cmsy/m/n/10 f\OML/cmm/m/it/10 a[]\OMS
/cmsy/m/n/10 g\OML/cmm/m/it/10 ;  a[] \OT1/cmr/m/n/10 = [][\OML/cmm/m/it/10 q[]
 \OT1/cmr/m/n/10 = \OML/cmm/m/it/10 S[]\OMS/cmsy/m/n/10 j\OML/cmm/m/it/10 q[] \
OT1/cmr/m/n/10 = \OML/cmm/m/it/10 S[]\OT1/cmr/m/n/10 ]\OML/cmm/m/it/10 ;  \OT1/
cmr/m/n/10 1 \OMS/cmsy/m/n/10 ^^T \OML/cmm/m/it/10 i; j \OMS/cmsy/m/n/10 ^^T \O
ML/cmm/m/it/10 N

! LaTeX Error: Missing \begin{document}.

See the LaTeX manual or LaTeX Companion for explanation.
Type  H <return>  for immediate help.
 ...                                              
                                                  
l.34 T
      he next matrix is the sets the probability that a particular symbol

Overfull \hbox (20.0pt too wide) in paragraph at lines 34--37
[]

Overfull \hbox (9.46123pt too wide) in paragraph at lines 34--37
\OML/cmm/m/it/10 S[]$

! LaTeX Error: Missing \begin{document}.

See the LaTeX manual or LaTeX Companion for explanation.
Type  H <return>  for immediate help.
 ...                                              
                                                  
l.38 \begin{equation}
                     

Overfull \hbox (20.0pt too wide) in paragraph at lines 38--38
[] 

Overfull \hbox (341.61417pt too wide) detected at line 41
\OML/cmm/m/it/10 B \OT1/cmr/m/n/10 = \OMS/cmsy/m/n/10 f\OML/cmm/m/it/10 b[]\OT1
/cmr/m/n/10 (\OML/cmm/m/it/10 k\OT1/cmr/m/n/10 )\OMS/cmsy/m/n/10 g\OML/cmm/m/it
/10 ;  b[]\OT1/cmr/m/n/10 (\OML/cmm/m/it/10 k\OT1/cmr/m/n/10 ) = [][\OML/cmm/m/
it/10 v[] [] t\OMS/cmsy/m/n/10 j\OML/cmm/m/it/10 q[] \OT1/cmr/m/n/10 = \OML/cmm
/m/it/10 S[]\OT1/cmr/m/n/10 ]\OML/cmm/m/it/10 ;  \OT1/cmr/m/n/10 1 \OMS/cmsy/m/
n/10 ^^T \OML/cmm/m/it/10 j \OMS/cmsy/m/n/10 ^^T \OML/cmm/m/it/10 N;  \OT1/cmr/
m/n/10 1 \OMS/cmsy/m/n/10 ^^T \OML/cmm/m/it/10 k \OMS/cmsy/m/n/10 ^^T \OML/cmm/
m/it/10 M

! LaTeX Error: Missing \begin{document}.

See the LaTeX manual or LaTeX Companion for explanation.
Type  H <return>  for immediate help.
 ...                                              
                                                  
l.43 W
      hile it computationally more convenient to conceptualize $B$ as a

Overfull \hbox (20.0pt too wide) in paragraph at lines 43--49
[]

Overfull \hbox (8.0868pt too wide) in paragraph at lines 43--49
\OML/cmm/m/it/10 B$

Overfull \hbox (8.05556pt too wide) in paragraph at lines 43--49
\OML/cmm/m/it/10 V$

Overfull \hbox (6.70831pt too wide) in paragraph at lines 43--49
\OML/cmm/m/it/10 S$

Overfull \hbox (21.80386pt too wide) in paragraph at lines 43--49
\OML/cmm/m/it/10 b[]\OT1/cmr/m/n/10 (\OML/cmm/m/it/10 k\OT1/cmr/m/n/10 )$

Overfull \hbox (12.32874pt too wide) in paragraph at lines 43--49
\OML/cmm/m/it/10 a[]$

Overfull \hbox (6.70831pt too wide) in paragraph at lines 43--49
\OML/cmm/m/it/10 S$

Overfull \hbox (6.05905pt too wide) in paragraph at lines 43--49
\OML/cmm/m/it/10 ^^Y$ 

! LaTeX Error: Missing \begin{document}.

See the LaTeX manual or LaTeX Companion for explanation.
Type  H <return>  for immediate help.
 ...                                              
                                                  
l.50 \begin{equation}
                     

Overfull \hbox (20.0pt too wide) in paragraph at lines 50--50
[] 

Overfull \hbox (119.06627pt too wide) detected at line 52
\OML/cmm/m/it/10 ^^Y[] \OT1/cmr/m/n/10 = [][\OML/cmm/m/it/10 q[] \OT1/cmr/m/n/1
0 = \OML/cmm/m/it/10 S[]\OT1/cmr/m/n/10 ]\OML/cmm/m/it/10 ;  \OT1/cmr/m/n/10 1 
\OMS/cmsy/m/n/10 ^^T \OML/cmm/m/it/10 i \OMS/cmsy/m/n/10 ^^T \OML/cmm/m/it/10 N


! LaTeX Error: Missing \begin{document}.

See the LaTeX manual or LaTeX Companion for explanation.
Type  H <return>  for immediate help.
 ...                                              
                                                  
l.54 F
      inally, we have a list of observation that is denoted

Overfull \hbox (20.0pt too wide) in paragraph at lines 54--55
[]

! LaTeX Error: Missing \begin{document}.

See the LaTeX manual or LaTeX Companion for explanation.
Type  H <return>  for immediate help.
 ...                                              
                                                  
l.56 \begin{equation}
                     

Overfull \hbox (20.0pt too wide) in paragraph at lines 56--56
[] 
! Undefined control sequence.
l.57   O = O_1\ O_2\ \ldots\ \ O_\Tau
                                     
! Missing { inserted.
<to be read again> 
                   \eqno 
l.58 \end{equation}
                   
! You can't use `\eqno' in math mode.
<recently read> \eqno 
                      
l.58 \end{equation}
                   
! Missing } inserted.
<inserted text> 
                }
l.58 \end{equation}
                   

Overfull \hbox (81.372pt too wide) detected at line 58
\OML/cmm/m/it/10 O \OT1/cmr/m/n/10 = \OML/cmm/m/it/10 O[] O[]  []   O[]

! LaTeX Error: Missing \begin{document}.

See the LaTeX manual or LaTeX Companion for explanation.
Type  H <return>  for immediate help.
 ...                                              
                                                  
l.60 W
      e will often begin with a list of observations $O$ and the goal will be
! Undefined control sequence.
l.63 states $q_1,\ \ldots,\ q_\Tau
                                  $. Therefore, it is helpful to
! Missing { inserted.
<to be read again> 
                   $
l.63 states $q_1,\ \ldots,\ q_\Tau$
                                   . Therefore, it is helpful to
! Missing } inserted.
<inserted text> 
                }
l.63 states $q_1,\ \ldots,\ q_\Tau$
                                   . Therefore, it is helpful to

Overfull \hbox (20.0pt too wide) in paragraph at lines 60--66
[]

Overfull \hbox (7.90555pt too wide) in paragraph at lines 60--66
\OML/cmm/m/it/10 O$

Overfull \hbox (7.90555pt too wide) in paragraph at lines 60--66
\OML/cmm/m/it/10 O$

Overfull \hbox (36.13644pt too wide) in paragraph at lines 60--66
\OML/cmm/m/it/10 q[];  [] ;  q[]$

Overfull \hbox (7.90555pt too wide) in paragraph at lines 60--66
\OML/cmm/m/it/10 O$
! Undefined control sequence.
l.67 \subsection
                {Forwards Backwards}

! LaTeX Error: Missing \begin{document}.

See the LaTeX manual or LaTeX Companion for explanation.
Type  H <return>  for immediate help.
 ...                                              
                                                  
l.67 \subsection{F
                  orwards Backwards}

Overfull \hbox (20.0pt too wide) in paragraph at lines 67--68
[]

! LaTeX Error: Missing \begin{document}.

See the LaTeX manual or LaTeX Companion for explanation.
Type  H <return>  for immediate help.
 ...                                              
                                                  
l.69 T
      he goal of the Forwards Backwards algorithm, and the first obvious goal

Overfull \hbox (20.0pt too wide) in paragraph at lines 69--80
[]

Overfull \hbox (7.90555pt too wide) in paragraph at lines 69--80
\OML/cmm/m/it/10 O$

Overfull \hbox (7.90555pt too wide) in paragraph at lines 69--80
\OML/cmm/m/it/10 O$

Overfull \hbox (32.79451pt too wide) in paragraph at lines 69--80
[]\OT1/cmr/m/n/10 [\OML/cmm/m/it/10 O\OMS/cmsy/m/n/10 j\OML/cmm/m/it/10 ^^U\OT1
/cmr/m/n/10 ]$

Overfull \hbox (5.83336pt too wide) in paragraph at lines 69--80
\OML/cmm/m/it/10 ^^U$

Overfull \hbox (16.38887pt too wide) in paragraph at lines 69--80
\OML/cmm/m/it/10 ^^U \OT1/cmr/m/n/10 =

Overfull \hbox (38.3125pt too wide) in paragraph at lines 69--80
\OT1/cmr/m/n/10 (\OML/cmm/m/it/10 A; B; ^^Y\OT1/cmr/m/n/10 )$

Overfull \hbox (7.50002pt too wide) in paragraph at lines 69--80
\OML/cmm/m/it/10 A$

Overfull \hbox (8.0868pt too wide) in paragraph at lines 69--80
\OML/cmm/m/it/10 B$

Overfull \hbox (6.05905pt too wide) in paragraph at lines 69--80
\OML/cmm/m/it/10 ^^Y$

Overfull \hbox (5.83336pt too wide) in paragraph at lines 69--80
\OML/cmm/m/it/10 ^^U$

! LaTeX Error: Missing \begin{document}.

See the LaTeX manual or LaTeX Companion for explanation.
Type  H <return>  for immediate help.
 ...                                              
                                                  
l.81 \begin{equation}
                     

Overfull \hbox (20.0pt too wide) in paragraph at lines 81--81
[] 

Overfull \hbox (208.64641pt too wide) detected at line 83
\OML/cmm/m/it/10 []\OT1/cmr/m/n/10 (\OML/cmm/m/it/10 i\OT1/cmr/m/n/10 ) = [][\
OML/cmm/m/it/10 O[] O[]  []  O[] [] q[] \OT1/cmr/m/n/10 = \OML/cmm/m/it/10 S[]\
OMS/cmsy/m/n/10 j\OML/cmm/m/it/10 ^^U\OT1/cmr/m/n/10 ]

! LaTeX Error: Missing \begin{document}.

See the LaTeX manual or LaTeX Companion for explanation.
Type  H <return>  for immediate help.
 ...                                              
                                                  
l.85 T
      he letter $\alpha$ is the probability that the first $t$ elements

Overfull \hbox (20.0pt too wide) in paragraph at lines 85--89
[]

Overfull \hbox (6.43404pt too wide) in paragraph at lines 85--89
\OML/cmm/m/it/10 $

Overfull \hbox (3.61111pt too wide) in paragraph at lines 85--89
\OML/cmm/m/it/10 t$

Overfull \hbox (7.90555pt too wide) in paragraph at lines 85--89
\OML/cmm/m/it/10 O$

Overfull \hbox (9.46123pt too wide) in paragraph at lines 85--89
\OML/cmm/m/it/10 S[]$

Overfull \hbox (32.79451pt too wide) in paragraph at lines 85--89
[]\OT1/cmr/m/n/10 [\OML/cmm/m/it/10 O\OMS/cmsy/m/n/10 j\OML/cmm/m/it/10 ^^U\OT1
/cmr/m/n/10 ]$

! LaTeX Error: Missing \begin{document}.

See the LaTeX manual or LaTeX Companion for explanation.
Type  H <return>  for immediate help.
 ...                                              
                                                  
l.90 \begin{equation}
                     

Overfull \hbox (20.0pt too wide) in paragraph at lines 90--90
[] 
! Undefined control sequence.
l.91 ... \vert \lambda] = \sum_{i=1}^N \alpha_\Tau
                                                  (i)

Overfull \hbox (79.5949pt too wide) detected at line 92
[]\OT1/cmr/m/n/10 [\OML/cmm/m/it/10 O\OMS/cmsy/m/n/10 j\OML/cmm/m/it/10 ^^U\OT1
/cmr/m/n/10 ] = [] \OML/cmm/m/it/10 []i\OT1/cmr/m/n/10 )

! LaTeX Error: Missing \begin{document}.

See the LaTeX manual or LaTeX Companion for explanation.
Type  H <return>  for immediate help.
 ...                                              
                                                  
l.94 R
      emember that $\Tau$ is the time of the last observation. Let us prove
! Undefined control sequence.
<recently read> \Tau 
                     
l.94 Remember that $\Tau
                        $ is the time of the last observation. Let us prove

Overfull \hbox (20.0pt too wide) in paragraph at lines 94--97
[]

Overfull \hbox (6.43404pt too wide) in paragraph at lines 94--97
\OML/cmm/m/it/10 $

! LaTeX Error: Environment proof undefined.

See the LaTeX manual or LaTeX Companion for explanation.
Type  H <return>  for immediate help.
 ...                                              
                                                  
l.98 \begin{proof}
                  

! LaTeX Error: Missing \begin{document}.

See the LaTeX manual or LaTeX Companion for explanation.
Type  H <return>  for immediate help.
 ...                                              
                                                  
l.99   W
        e have the sum

! LaTeX Error: Environment align* undefined.

See the LaTeX manual or LaTeX Companion for explanation.
Type  H <return>  for immediate help.
 ...                                              
                                                  
l.100   \begin{align*}
                      
! Missing $ inserted.
<inserted text> 
                $
l.101     \sum
              _{i=1}^N \alpha_t(i) &= \sum_{i=1}^N \Pr[O\ \cap\ q_t = S_i \v...

! Misplaced alignment tab character &.
l.101     \sum_{i=1}^N \alpha_t(i) &
                                    = \sum_{i=1}^N \Pr[O\ \cap\ q_t = S_i \v...

! Undefined control sequence.
<recently read> \intertext 
                           
l.102     \intertext
                    {where $O = O_1\ O_2\ \ldots\ O_\Tau$. Rewriting in term...

! Missing } inserted.
<inserted text> 
                }
l.102     \intertext{where $
                            O = O_1\ O_2\ \ldots\ O_\Tau$. Rewriting in term...

! Missing $ inserted.
<inserted text> 
                $
l.102     \intertext{where $O = O_
                                  1\ O_2\ \ldots\ O_\Tau$. Rewriting in term...

! Undefined control sequence.
l.102 ...rtext{where $O = O_1\ O_2\ \ldots\ O_\Tau
                                                  $. Rewriting in terms of c...

! Missing { inserted.
<to be read again> 
                   $
l.102 ...text{where $O = O_1\ O_2\ \ldots\ O_\Tau$
                                                  . Rewriting in terms of co...

! Missing } inserted.
<inserted text> 
                }
l.102 ...text{where $O = O_1\ O_2\ \ldots\ O_\Tau$
                                                  . Rewriting in terms of co...

! Extra }, or forgotten \endgroup.
l.102 ...erms of conditional probability gives us}
                                                  
! Misplaced alignment tab character &.
l.103     &
           = \sum_{i=1}^N \Pr[O\ \vert \lambda] \Pr[q_\Tau = S_i \vert O,\la...

! Missing $ inserted.
<inserted text> 
                $
l.103     &= \sum
                 _{i=1}^N \Pr[O\ \vert \lambda] \Pr[q_\Tau = S_i \vert O,\la...

! Undefined control sequence.
l.103 ..._{i=1}^N \Pr[O\ \vert \lambda] \Pr[q_\Tau
                                                   = S_i \vert O,\lambda]
! Undefined control sequence.
l.104     \intertext
                    {Because the first probability within sigma does not vary
! Missing } inserted.
<inserted text> 
                }
l.105     with $
                i$, we can pull it outside to get}
! Extra }, or forgotten $.
l.105     with $i$, we can pull it outside to get}
                                                  
! Misplaced alignment tab character &.
l.106     &
           =  \Pr[O\ \vert \lambda] \sum_{i=1}^N \Pr[q_\Tau = S_i \vert O,\l...

! Undefined control sequence.
l.106 ...O\ \vert \lambda] \sum_{i=1}^N \Pr[q_\Tau
                                                   = S_i \vert O,\lambda]
! Undefined control sequence.
l.107     \intertext
                    {Because the model can not be in more than one state at
! Missing } inserted.
<inserted text> 
                }
l.108     any one time, the events that $
                                         q_\Tau = S_i$ given that $O,\lambda$
! Missing $ inserted.
<inserted text> 
                $
l.108     any one time, the events that $q_
                                           \Tau = S_i$ given that $O,\lambda$
! Undefined control sequence.
l.108     any one time, the events that $q_\Tau
                                                = S_i$ given that $O,\lambda$
! Extra }, or forgotten \endgroup.
l.112 ... their union is equal to 1. Thus we have}
                                                  
! Misplaced alignment tab character &.
l.113     &
           = \Pr[O\ \vert \lambda]
! Missing $ inserted.
<inserted text> 
                $
l.113     &= \Pr
                [O\ \vert \lambda]

! LaTeX Error: \begin{document} ended by \end{align*}.

See the LaTeX manual or LaTeX Companion for explanation.
Type  H <return>  for immediate help.
 ...                                              
                                                  
l.114   \end{align*}
                    
! Missing $ inserted.
<inserted text> 
                $
l.114   \end{align*}
                    

! LaTeX Error: \begin{document} ended by \end{proof}.

See the LaTeX manual or LaTeX Companion for explanation.
Type  H <return>  for immediate help.
 ...                                              
                                                  
l.115 \end{proof}
                 

Overfull \hbox (20.0pt too wide) in paragraph at lines 99--116
[]

Overfull \hbox (57.37285pt too wide) in paragraph at lines 99--116
[][] \OML/cmm/m/it/10 []\OT1/cmr/m/n/10 (\OML/cmm/m/it/10 i\OT1/cmr/m/n/10 ) =


Overfull \hbox (53.74881pt too wide) in paragraph at lines 99--116
[][] []\OT1/cmr/m/n/10 [\OML/cmm/m/it/10 O  \OMS/cmsy/m/n/10 \

Overfull \hbox (18.54048pt too wide) in paragraph at lines 99--116
\OML/cmm/m/it/10 q[] \OT1/cmr/m/n/10 =

Overfull \hbox (20.85016pt too wide) in paragraph at lines 99--116
\OML/cmm/m/it/10 S[]\OMS/cmsy/m/n/10 j\OML/cmm/m/it/10 ^^U\OT1/cmr/m/n/10 ][] 

Overfull \hbox (27.29173pt too wide) in paragraph at lines 99--116
[]$

Overfull \hbox (39.72765pt too wide) in paragraph at lines 99--116
[] \OML/cmm/m/it/10 O[]  []  O[]$

Overfull \hbox (491.95116pt too wide) in paragraph at lines 99--116
[][] []\OT1/cmr/m/n/10 [\OML/cmm/m/it/10 O \OMS/cmsy/m/n/10 j\OML/cmm/m/it/10 ^
^U\OT1/cmr/m/n/10 ] [][\OML/cmm/m/it/10 q[]S[]\OMS/cmsy/m/n/10 j\OML/cmm/m/it/1
0 O; ^^U\OT1/cmr/m/n/10 ][]$$\OML/cmm/m/it/10 ; wecanpullitoutsidetoget \OT1/cm
r/m/n/10 =

Overfull \hbox (468.73537pt too wide) in paragraph at lines 99--116
[]\OT1/cmr/m/n/10 [\OML/cmm/m/it/10 O \OMS/cmsy/m/n/10 j\OML/cmm/m/it/10 ^^U\OT
1/cmr/m/n/10 ] [][] [][\OML/cmm/m/it/10 q[]S[]\OMS/cmsy/m/n/10 j\OML/cmm/m/it/1
0 O; ^^U\OT1/cmr/m/n/10 ][]$$[]\OML/cmm/m/it/10 S[]$

Overfull \hbox (18.18332pt too wide) in paragraph at lines 99--116
\OML/cmm/m/it/10 O; ^^U$

Overfull \hbox (15.55553pt too wide) in paragraph at lines 99--116
\OT1/cmr/m/n/10 1 \OMS/cmsy/m/n/10 ^^T

Overfull \hbox (14.00064pt too wide) in paragraph at lines 99--116
\OML/cmm/m/it/10 i \OMS/cmsy/m/n/10 ^^T

Overfull \hbox (9.12497pt too wide) in paragraph at lines 99--116
\OML/cmm/m/it/10 N$

Overfull \hbox (32.79451pt too wide) in paragraph at lines 99--116
[]\OT1/cmr/m/n/10 [\OML/cmm/m/it/10 O \OMS/cmsy/m/n/10 j\OML/cmm/m/it/10 ^^U\OT
1/cmr/m/n/10 ]$

! LaTeX Error: Missing \begin{document}.

See the LaTeX manual or LaTeX Companion for explanation.
Type  H <return>  for immediate help.
 ...                                              
                                                  
l.117 W
       e can now use alpha to output the probability $\Pr[O\ \vert \lambda]$,

Overfull \hbox (20.0pt too wide) in paragraph at lines 117--121
[]

Overfull \hbox (32.79451pt too wide) in paragraph at lines 117--121
[]\OT1/cmr/m/n/10 [\OML/cmm/m/it/10 O \OMS/cmsy/m/n/10 j\OML/cmm/m/it/10 ^^U\OT
1/cmr/m/n/10 ]$

Overfull \hbox (6.43404pt too wide) in paragraph at lines 117--121
\OML/cmm/m/it/10 $

! LaTeX Error: Missing \begin{document}.

See the LaTeX manual or LaTeX Companion for explanation.
Type  H <return>  for immediate help.
 ...                                              
                                                  
l.122 \begin{equation}
                      

Overfull \hbox (20.0pt too wide) in paragraph at lines 122--122
[] 

Overfull \hbox (71.98149pt too wide) detected at line 124
\OML/cmm/m/it/10 []\OT1/cmr/m/n/10 (\OML/cmm/m/it/10 i\OT1/cmr/m/n/10 ) = \OML
/cmm/m/it/10 ^^Y[]b[]\OT1/cmr/m/n/10 (\OML/cmm/m/it/10 O[]\OT1/cmr/m/n/10 )[] 

! LaTeX Error: Environment proof undefined.

See the LaTeX manual or LaTeX Companion for explanation.
Type  H <return>  for immediate help.
 ...                                              
                                                  
l.126 \begin{proof}
                   

! LaTeX Error: Environment align* undefined.

See the LaTeX manual or LaTeX Companion for explanation.
Type  H <return>  for immediate help.
 ...                                              
                                                  
l.127   \begin{align*}
                      
! Missing $ inserted.
<inserted text> 
                $
l.128     \alpha
                _1(i) &= \Pr[O_1\ \cap\ q_1=S_i]\\

! LaTeX Error: Missing \begin{document}.

See the LaTeX manual or LaTeX Companion for explanation.
Type  H <return>  for immediate help.
 ...                                              
                                                  
l.128     \alpha
                _1(i) &= \Pr[O_1\ \cap\ q_1=S_i]\\
! Misplaced alignment tab character &.
l.128     \alpha_1(i) &
                       = \Pr[O_1\ \cap\ q_1=S_i]\\
! Undefined control sequence.
<recently read> \intertext 
                           
l.129     \intertext
                    {These events are independent, so}
! Misplaced alignment tab character &.
l.130     &
           = \Pr[O_1] \Pr[q_1=S_i]\\
! Misplaced alignment tab character &.
<recently read> &
                 
l.131     &
           = \pi_1 b_i(O_1)\\

! LaTeX Error: \begin{document} ended by \end{align*}.

See the LaTeX manual or LaTeX Companion for explanation.
Type  H <return>  for immediate help.
 ...                                              
                                                  
l.132   \end{align*}
                    
! Missing $ inserted.
<inserted text> 
                $
l.132   \end{align*}
                    

! LaTeX Error: \begin{document} ended by \end{proof}.

See the LaTeX manual or LaTeX Companion for explanation.
Type  H <return>  for immediate help.
 ...                                              
                                                  
l.133 \end{proof}
                 

Overfull \hbox (52.66159pt too wide) in paragraph at lines 128--134
[]$\OML/cmm/m/it/10 []\OT1/cmr/m/n/10 (\OML/cmm/m/it/10 i\OT1/cmr/m/n/10 ) =

Overfull \hbox (32.28061pt too wide) in paragraph at lines 128--134
[]\OT1/cmr/m/n/10 [\OML/cmm/m/it/10 O[]  \OMS/cmsy/m/n/10 \

Overfull \hbox (19.50577pt too wide) in paragraph at lines 128--134
\OML/cmm/m/it/10 q[] \OT1/cmr/m/n/10 =

Overfull \hbox (12.23901pt too wide) in paragraph at lines 128--134
\OML/cmm/m/it/10 S[]\OT1/cmr/m/n/10 ][] 

Overfull \hbox (149.55301pt too wide) in paragraph at lines 128--134
[] \OT1/cmr/m/n/10 =

Overfull \hbox (63.06413pt too wide) in paragraph at lines 128--134
[]\OT1/cmr/m/n/10 [\OML/cmm/m/it/10 O[]\OT1/cmr/m/n/10 ] [][\OML/cmm/m/it/10 q[
] \OT1/cmr/m/n/10 =

Overfull \hbox (12.23901pt too wide) in paragraph at lines 128--134
\OML/cmm/m/it/10 S[]\OT1/cmr/m/n/10 ][] 

Overfull \hbox (7.7778pt too wide) in paragraph at lines 128--134
\OT1/cmr/m/n/10 =

Overfull \hbox (37.69904pt too wide) in paragraph at lines 128--134
\OML/cmm/m/it/10 ^^Y[]b[]\OT1/cmr/m/n/10 (\OML/cmm/m/it/10 O[]\OT1/cmr/m/n/10 )
[] 

! LaTeX Error: Missing \begin{document}.

See the LaTeX manual or LaTeX Companion for explanation.
Type  H <return>  for immediate help.
 ...                                              
                                                  
l.135 L
       et $t=1$ be the base case. For the recursive step, we can define

Overfull \hbox (20.0pt too wide) in paragraph at lines 135--137
[]

Overfull \hbox (14.16663pt too wide) in paragraph at lines 135--137
\OML/cmm/m/it/10 t \OT1/cmr/m/n/10 =

Overfull \hbox (5.00002pt too wide) in paragraph at lines 135--137
\OT1/cmr/m/n/10 1$

Overfull \hbox (21.1408pt too wide) in paragraph at lines 135--137
\OML/cmm/m/it/10 []\OT1/cmr/m/n/10 (\OML/cmm/m/it/10 i\OT1/cmr/m/n/10 )$

! LaTeX Error: Missing \begin{document}.

See the LaTeX manual or LaTeX Companion for explanation.
Type  H <return>  for immediate help.
 ...                                              
                                                  
l.138 \begin{equation}
                      

Overfull \hbox (20.0pt too wide) in paragraph at lines 138--138
[] 

Overfull \hbox (140.46777pt too wide) detected at line 141
\OML/cmm/m/it/10 []\OT1/cmr/m/n/10 (\OML/cmm/m/it/10 j\OT1/cmr/m/n/10 ) = [] \
OML/cmm/m/it/10 b[]\OT1/cmr/m/n/10 (\OML/cmm/m/it/10 O[]\OT1/cmr/m/n/10 )

! LaTeX Error: Environment proof undefined.

See the LaTeX manual or LaTeX Companion for explanation.
Type  H <return>  for immediate help.
 ...                                              
                                                  
l.143 \begin{proof}
                   

! LaTeX Error: Environment align* undefined.

See the LaTeX manual or LaTeX Companion for explanation.
Type  H <return>  for immediate help.
 ...                                              
                                                  
l.144   \begin{align*}
                      
! Missing $ inserted.
<inserted text> 
                $
l.145     \alpha
                _t(j) &= \Pr[O_t\ \cap\ q_t=S_j]\\

! LaTeX Error: Missing \begin{document}.

See the LaTeX manual or LaTeX Companion for explanation.
Type  H <return>  for immediate help.
 ...                                              
                                                  
l.145     \alpha
                _t(j) &= \Pr[O_t\ \cap\ q_t=S_j]\\
! Misplaced alignment tab character &.
l.145     \alpha_t(j) &
                       = \Pr[O_t\ \cap\ q_t=S_j]\\
! Misplaced alignment tab character &.
<recently read> &
                 
l.146                 &
                       = \Pr[O_1\ O_2\ \ldots\ O_{t-1}\ \cap q_t=S_j \cap O_...

! Misplaced alignment tab character &.
<recently read> &
                 
l.147                 &
                       = \Pr[O_1\ O_2\ \ldots\ O_{t-1} \cap q_t=S_j]  \Pr[O_...

! Misplaced alignment tab character &.
<recently read> &
                 
l.148                 &
                       = \Pr[O_1\ O_2\ \ldots\ O_{t-1} \cap q_t=S_j] b_j(O_t)\\

! Misplaced alignment tab character &.
<recently read> &
                 
l.149                 &
                       = \Pr[O_1\ O_2\ \ldots\ O_{t-1} \cap q_t=S_j] b_j(O_t)\\

! Undefined control sequence.
<recently read> \intertext 
                           
l.150     \intertext
                    {The probability in the equation directly above can be
! Missing } inserted.
<inserted text> 
                }
l.151 ...essed as the probability that the first $
                                                  t-1$ observations were
! Missing $ inserted.
<inserted text> 
                $
l.152     made which is $\sum
                             _{i=1}^N \alpha_{t-1}(i)$ times the probability
! Extra }, or forgotten \endgroup.
l.155 ... as a product in the following equation.}
                                                  
! Misplaced alignment tab character &.
l.156                 &
                       = \left( \sum_{i=1}^N \alpha_{t-1}(i) a_{ij} \right) ...

! Missing $ inserted.
<inserted text> 
                $
l.156                 &= \left
                              ( \sum_{i=1}^N \alpha_{t-1}(i) a_{ij} \right) ...


! LaTeX Error: \begin{document} ended by \end{align*}.

See the LaTeX manual or LaTeX Companion for explanation.
Type  H <return>  for immediate help.
 ...                                              
                                                  
l.157   \end{align*}
                    
! Missing $ inserted.
<inserted text> 
                $
l.157   \end{align*}
                    

! LaTeX Error: \begin{document} ended by \end{proof}.

See the LaTeX manual or LaTeX Companion for explanation.
Type  H <return>  for immediate help.
 ...                                              
                                                  
l.158 \end{proof}
                 

Overfull \hbox (52.94167pt too wide) in paragraph at lines 145--159
[]$\OML/cmm/m/it/10 []\OT1/cmr/m/n/10 (\OML/cmm/m/it/10 j\OT1/cmr/m/n/10 ) =

Overfull \hbox (31.31532pt too wide) in paragraph at lines 145--159
[]\OT1/cmr/m/n/10 [\OML/cmm/m/it/10 O[]  \OMS/cmsy/m/n/10 \

Overfull \hbox (18.54048pt too wide) in paragraph at lines 145--159
\OML/cmm/m/it/10 q[] \OT1/cmr/m/n/10 =

Overfull \hbox (13.12329pt too wide) in paragraph at lines 145--159
\OML/cmm/m/it/10 S[]\OT1/cmr/m/n/10 ][] 

Overfull \hbox (7.7778pt too wide) in paragraph at lines 145--159
\OT1/cmr/m/n/10 =

Overfull \hbox (80.77911pt too wide) in paragraph at lines 145--159
[]\OT1/cmr/m/n/10 [\OML/cmm/m/it/10 O[] O[]  []  O[]  \OMS/cmsy/m/n/10 \

Overfull \hbox (18.54048pt too wide) in paragraph at lines 145--159
\OML/cmm/m/it/10 q[] \OT1/cmr/m/n/10 =

Overfull \hbox (17.01219pt too wide) in paragraph at lines 145--159
\OML/cmm/m/it/10 S[] \OMS/cmsy/m/n/10 \

Overfull \hbox (13.92639pt too wide) in paragraph at lines 145--159
\OML/cmm/m/it/10 O[]\OT1/cmr/m/n/10 ][] 

Overfull \hbox (7.7778pt too wide) in paragraph at lines 145--159
\OT1/cmr/m/n/10 =

Overfull \hbox (80.77911pt too wide) in paragraph at lines 145--159
[]\OT1/cmr/m/n/10 [\OML/cmm/m/it/10 O[] O[]  []  O[] \OMS/cmsy/m/n/10 \

Overfull \hbox (18.54048pt too wide) in paragraph at lines 145--159
\OML/cmm/m/it/10 q[] \OT1/cmr/m/n/10 =

Overfull \hbox (60.75682pt too wide) in paragraph at lines 145--159
\OML/cmm/m/it/10 S[]\OT1/cmr/m/n/10 ] [][\OML/cmm/m/it/10 O[]\OMS/cmsy/m/n/10 j
\OML/cmm/m/it/10 q[] \OT1/cmr/m/n/10 =

Overfull \hbox (78.1801pt too wide) in paragraph at lines 145--159
\OML/cmm/m/it/10 S[];  O[] O[]  []  O[]\OT1/cmr/m/n/10 ][] 

Overfull \hbox (7.7778pt too wide) in paragraph at lines 145--159
\OT1/cmr/m/n/10 =

Overfull \hbox (80.77911pt too wide) in paragraph at lines 145--159
[]\OT1/cmr/m/n/10 [\OML/cmm/m/it/10 O[] O[]  []  O[] \OMS/cmsy/m/n/10 \

Overfull \hbox (18.54048pt too wide) in paragraph at lines 145--159
\OML/cmm/m/it/10 q[] \OT1/cmr/m/n/10 =

Overfull \hbox (40.55492pt too wide) in paragraph at lines 145--159
\OML/cmm/m/it/10 S[]\OT1/cmr/m/n/10 ]\OML/cmm/m/it/10 b[]\OT1/cmr/m/n/10 (\OML/
cmm/m/it/10 O[]\OT1/cmr/m/n/10 )[] 

Overfull \hbox (7.7778pt too wide) in paragraph at lines 145--159
\OT1/cmr/m/n/10 =

Overfull \hbox (80.77911pt too wide) in paragraph at lines 145--159
[]\OT1/cmr/m/n/10 [\OML/cmm/m/it/10 O[] O[]  []  O[] \OMS/cmsy/m/n/10 \

Overfull \hbox (18.54048pt too wide) in paragraph at lines 145--159
\OML/cmm/m/it/10 q[] \OT1/cmr/m/n/10 =

Overfull \hbox (40.55492pt too wide) in paragraph at lines 145--159
\OML/cmm/m/it/10 S[]\OT1/cmr/m/n/10 ]\OML/cmm/m/it/10 b[]\OT1/cmr/m/n/10 (\OML/
cmm/m/it/10 O[]\OT1/cmr/m/n/10 )[] 

Overfull \hbox (574.42651pt too wide) in paragraph at lines 145--159
[]$$\OML/cmm/m/it/10 observationsweremadewhichis$$[][] []\OT1/cmr/m/n/10 (\OML
/cmm/m/it/10 i\OT1/cmr/m/n/10 )$

Overfull \hbox (20.154pt too wide) in paragraph at lines 145--159
\OML/cmm/m/it/10 []$

Overfull \hbox (9.46123pt too wide) in paragraph at lines 145--159
\OML/cmm/m/it/10 S[]$

Overfull \hbox (12.32874pt too wide) in paragraph at lines 145--159
\OML/cmm/m/it/10 a[]$

Overfull \hbox (110.42493pt too wide) in paragraph at lines 145--159
[] \OML/cmm/m/it/10 b[]\OT1/cmr/m/n/10 (\OML/cmm/m/it/10 O[]\OT1/cmr/m/n/10 )$

! LaTeX Error: The font size command \normalsize is not defined:
               there is probably something wrong with the class file.

See the LaTeX manual or LaTeX Companion for explanation.
Type  H <return>  for immediate help.
 ...                                              
                                                  
l.159 
      
[1{/usr/local/texlive/2015/texmf-var/fonts/map/pdftex/updmap/pdftex.map}]

! LaTeX Error: Missing \begin{document}.

See the LaTeX manual or LaTeX Companion for explanation.
Type  H <return>  for immediate help.
 ...                                              
                                                  
l.160 T
       his recursive definition allows us to make a two dimensional array of

Overfull \hbox (20.0pt too wide) in paragraph at lines 160--163
[]

Overfull \hbox (3.61111pt too wide) in paragraph at lines 160--163
\OML/cmm/m/it/10 t$

Overfull \hbox (3.44513pt too wide) in paragraph at lines 160--163
\OML/cmm/m/it/10 i$

! LaTeX Error: Missing \begin{document}.

See the LaTeX manual or LaTeX Companion for explanation.
Type  H <return>  for immediate help.
 ...                                              
                                                  
l.163 \begin{enumerate}[
                        1)]

! LaTeX Error: Something's wrong--perhaps a missing \item.

See the LaTeX manual or LaTeX Companion for explanation.
Type  H <return>  for immediate help.
 ...                                              
                                                  
l.164     \item I
                 nitialize a two dimensional array with columns that represent

! LaTeX Error: Something's wrong--perhaps a missing \item.

See the LaTeX manual or LaTeX Companion for explanation.
Type  H <return>  for immediate help.
 ...                                              
                                                  
l.164     \item I
                 nitialize a two dimensional array with columns that represent

! LaTeX Error: Something's wrong--perhaps a missing \item.

See the LaTeX manual or LaTeX Companion for explanation.
Type  H <return>  for immediate help.
 ...                                              
                                                  
l.164     \item I
                 nitialize a two dimensional array with columns that represent

! LaTeX Error: Something's wrong--perhaps a missing \item.

See the LaTeX manual or LaTeX Companion for explanation.
Type  H <return>  for immediate help.
 ...                                              
                                                  
l.166     \item L
                 oop through the first row and initialize it with $\pi_i b_i...


! LaTeX Error: Something's wrong--perhaps a missing \item.

See the LaTeX manual or LaTeX Companion for explanation.
Type  H <return>  for immediate help.
 ...                                              
                                                  
l.166     \item L
                 oop through the first row and initialize it with $\pi_i b_i...


! LaTeX Error: Something's wrong--perhaps a missing \item.

See the LaTeX manual or LaTeX Companion for explanation.
Type  H <return>  for immediate help.
 ...                                              
                                                  
l.166     \item L
                 oop through the first row and initialize it with $\pi_i b_i...


! LaTeX Error: Something's wrong--perhaps a missing \item.

See the LaTeX manual or LaTeX Companion for explanation.
Type  H <return>  for immediate help.
 ...                                              
                                                  
l.167     \item H
                 ave an outer loop through the rows (besides the first one)

! LaTeX Error: Something's wrong--perhaps a missing \item.

See the LaTeX manual or LaTeX Companion for explanation.
Type  H <return>  for immediate help.
 ...                                              
                                                  
l.167     \item H
                 ave an outer loop through the rows (besides the first one)

! LaTeX Error: Something's wrong--perhaps a missing \item.

See the LaTeX manual or LaTeX Companion for explanation.
Type  H <return>  for immediate help.
 ...                                              
                                                  
l.167     \item H
                 ave an outer loop through the rows (besides the first one)

! LaTeX Error: Something's wrong--perhaps a missing \item.

See the LaTeX manual or LaTeX Companion for explanation.
Type  H <return>  for immediate help.
 ...                                              
                                                  
l.171 \end{enumerate}
                     

Overfull \hbox (3.44513pt too wide) in paragraph at lines 163--171
\OML/cmm/m/it/10 i$

Overfull \hbox (3.61111pt too wide) in paragraph at lines 163--171
\OML/cmm/m/it/10 t$

Overfull \hbox (36.54219pt too wide) in paragraph at lines 163--171
\OML/cmm/m/it/10 ^^Y[]b[]\OT1/cmr/m/n/10 (\OML/cmm/m/it/10 O[]\OT1/cmr/m/n/10 )
$

Overfull \hbox (32.94167pt too wide) in paragraph at lines 163--171
\OML/cmm/m/it/10 []\OT1/cmr/m/n/10 (\OML/cmm/m/it/10 j\OT1/cmr/m/n/10 ) =

Overfull \hbox (110.42493pt too wide) in paragraph at lines 163--171
[] \OML/cmm/m/it/10 b[]\OT1/cmr/m/n/10 (\OML/cmm/m/it/10 O[]\OT1/cmr/m/n/10 )$ 

! Undefined control sequence.
l.173 This algorithm requires $N^2\Tau
                                      $ steps: $N\Tau$ steps for each entry ...

! Undefined control sequence.
l.173 ...lgorithm requires $N^2\Tau$ steps: $N\Tau
                                                  $ steps for each entry in the

! Undefined control sequence.
l.175 sum that it involves. This $O(N^2\Tau
                                           )$ runtime algorithm is quite

Overfull \hbox (20.0pt too wide) in paragraph at lines 173--177
[]

Overfull \hbox (13.6111pt too wide) in paragraph at lines 173--177
\OML/cmm/m/it/10 N[]$

Overfull \hbox (9.12497pt too wide) in paragraph at lines 173--177
\OML/cmm/m/it/10 N$

Overfull \hbox (9.12497pt too wide) in paragraph at lines 173--177
\OML/cmm/m/it/10 N$

Overfull \hbox (29.29445pt too wide) in paragraph at lines 173--177
\OML/cmm/m/it/10 O\OT1/cmr/m/n/10 (\OML/cmm/m/it/10 N[]\OT1/cmr/m/n/10 )$

Overfull \hbox (20.0pt too wide) in paragraph at lines 178--179
[]

Overfull \hbox (20.0pt too wide) in paragraph at lines 180--180
[] 
! Undefined control sequence.
l.181 ...i) = \Pr[O_{t+1}\ O_{t+2}\ \ldots\ O_\Tau
                                                   \vert q_t = S_i,

Overfull \hbox (159.11818pt too wide) detected at line 183
\OML/cmm/m/it/10 ^^L[]\OT1/cmr/m/n/10 (\OML/cmm/m/it/10 i\OT1/cmr/m/n/10 ) = []
[\OML/cmm/m/it/10 O[] O[]  []  O[]q[] \OT1/cmr/m/n/10 = \OML/cmm/m/it/10 S[]; ^
^U\OT1/cmr/m/n/10 ]

Overfull \hbox (20.0pt too wide) in paragraph at lines 185--192
[]

Overfull \hbox (18.54048pt too wide) in paragraph at lines 185--192
\OML/cmm/m/it/10 q[] \OT1/cmr/m/n/10 =

Overfull \hbox (9.46123pt too wide) in paragraph at lines 185--192
\OML/cmm/m/it/10 S[]$

Overfull \hbox (6.18402pt too wide) in paragraph at lines 185--192
\OML/cmm/m/it/10 ^^L$

Overfull \hbox (6.43404pt too wide) in paragraph at lines 185--192
\OML/cmm/m/it/10 $

Overfull \hbox (6.18402pt too wide) in paragraph at lines 185--192
\OML/cmm/m/it/10 ^^L$

Overfull \hbox (6.43404pt too wide) in paragraph at lines 185--192
\OML/cmm/m/it/10 $

Overfull \hbox (6.18402pt too wide) in paragraph at lines 185--192
\OML/cmm/m/it/10 ^^L$

Overfull \hbox (6.43404pt too wide) in paragraph at lines 185--192
\OML/cmm/m/it/10 $ 

Overfull \hbox (20.0pt too wide) in paragraph at lines 193--193
[] 
! Undefined control sequence.
l.194   \beta_\Tau
                  (i) = 1\\

Overfull \hbox (34.94853pt too wide) detected at line 195
\OML/cmm/m/it/10 ^^L[]i\OT1/cmr/m/n/10 ) = 1[] 

Overfull \hbox (134.15295pt too wide) detected at line 198
\OML/cmm/m/it/10 ^^L[]\OT1/cmr/m/n/10 (\OML/cmm/m/it/10 i\OT1/cmr/m/n/10 ) = []
 \OML/cmm/m/it/10 a[]b[]\OT1/cmr/m/n/10 (\OML/cmm/m/it/10 O[] \OT1/cmr/m/n/10 +
 1)\OML/cmm/m/it/10 ^^L[]\OT1/cmr/m/n/10 (\OML/cmm/m/it/10 j\OT1/cmr/m/n/10 )
! Undefined control sequence.
l.201 finding $\alpha$ and get a $O(N^2\Tau
                                           )$ runtime algorithm for finding

Overfull \hbox (20.0pt too wide) in paragraph at lines 200--203
[]

Overfull \hbox (6.43404pt too wide) in paragraph at lines 200--203
\OML/cmm/m/it/10 $

Overfull \hbox (29.29445pt too wide) in paragraph at lines 200--203
\OML/cmm/m/it/10 O\OT1/cmr/m/n/10 (\OML/cmm/m/it/10 N[]\OT1/cmr/m/n/10 )$

Overfull \hbox (6.18402pt too wide) in paragraph at lines 200--203
\OML/cmm/m/it/10 ^^L$
! Undefined control sequence.
l.204 \subsection
                 {Viterbi Algorithm}

Overfull \hbox (20.0pt too wide) in paragraph at lines 204--205
[]

Overfull \hbox (20.0pt too wide) in paragraph at lines 206--209
[]

Overfull \hbox (4.8229pt too wide) in paragraph at lines 206--209
\OML/cmm/m/it/10 ^^N$

Overfull \hbox (20.0pt too wide) in paragraph at lines 210--210
[] 

Overfull \hbox (70.02892pt too wide) detected at line 212
\OML/cmm/m/it/10 ^^N[]\OT1/cmr/m/n/10 (\OML/cmm/m/it/10 i\OT1/cmr/m/n/10 ) = \O
ML/cmm/m/it/10 ^^Y[]b[]\OT1/cmr/m/n/10 (\OML/cmm/m/it/10 O[]\OT1/cmr/m/n/10 )[]
 

Overfull \hbox (20.0pt too wide) in paragraph at lines 214--214
[] 

Overfull \hbox (127.11827pt too wide) detected at line 216
\OML/cmm/m/it/10 ^^N[]\OT1/cmr/m/n/10 (\OML/cmm/m/it/10 j\OT1/cmr/m/n/10 ) = []
[\OML/cmm/m/it/10 ^^N[]\OT1/cmr/m/n/10 (\OML/cmm/m/it/10 i\OT1/cmr/m/n/10 ) \OM
L/cmm/m/it/10 a[] \OT1/cmr/m/n/10 ]\OML/cmm/m/it/10 b[]\OT1/cmr/m/n/10 (\OML/cm
m/m/it/10 O[]\OT1/cmr/m/n/10 )

Overfull \hbox (20.0pt too wide) in paragraph at lines 218--225
[]

Overfull \hbox (6.43404pt too wide) in paragraph at lines 218--225
\OML/cmm/m/it/10 $

Overfull \hbox (4.8229pt too wide) in paragraph at lines 218--225
\OML/cmm/m/it/10 ^^N$

Overfull \hbox (9.46123pt too wide) in paragraph at lines 218--225
\OML/cmm/m/it/10 S[]$

Overfull \hbox (3.61111pt too wide) in paragraph at lines 218--225
\OML/cmm/m/it/10 t$

Overfull \hbox (9.46123pt too wide) in paragraph at lines 218--225
\OML/cmm/m/it/10 S[]$

Overfull \hbox (3.61111pt too wide) in paragraph at lines 218--225
\OML/cmm/m/it/10 t$

Overfull \hbox (20.0pt too wide) in paragraph at lines 226--226
[] 

Overfull \hbox (246.11269pt too wide) detected at line 229
\OML/cmm/m/it/10 ^^N[]\OT1/cmr/m/n/10 (\OML/cmm/m/it/10 i\OT1/cmr/m/n/10 ) = []
 [][\OML/cmm/m/it/10 O[] O[]  []  O[]  \OMS/cmsy/m/n/10 \ \OML/cmm/m/it/10 q[] 
\OT1/cmr/m/n/10 = \OML/cmm/m/it/10 S[] \OMS/cmsy/m/n/10 \ \OML/cmm/m/it/10 q[];
  q[];  []  q[]\OT1/cmr/m/n/10 ]
! Undefined control sequence.
l.231 While summing up $\alpha_\Tau
                                   $ over $i$ gave the total probability of the

! Missing { inserted.
<to be read again> 
                   $
l.231 While summing up $\alpha_\Tau$
                                     over $i$ gave the total probability of the

! Missing } inserted.
<inserted text> 
                }
l.231 While summing up $\alpha_\Tau$
                                     over $i$ gave the total probability of the

! Undefined control sequence.
l.232 observation, maximizing $\delta_\Tau
                                          $ over $i$ gives the probability of
! Missing { inserted.
<to be read again> 
                   $
l.232 observation, maximizing $\delta_\Tau$
                                            over $i$ gives the probability of
! Missing } inserted.
<inserted text> 
                }
l.232 observation, maximizing $\delta_\Tau$
                                            over $i$ gives the probability of

Overfull \hbox (20.0pt too wide) in paragraph at lines 231--234
[]

Overfull \hbox (6.89702pt too wide) in paragraph at lines 231--234
\OML/cmm/m/it/10 []$

Overfull \hbox (3.44513pt too wide) in paragraph at lines 231--234
\OML/cmm/m/it/10 i$

Overfull \hbox (4.94444pt too wide) in paragraph at lines 231--234
\OML/cmm/m/it/10 ^^N[]$

Overfull \hbox (3.44513pt too wide) in paragraph at lines 231--234
\OML/cmm/m/it/10 i$

Overfull \hbox (20.0pt too wide) in paragraph at lines 235--235
[] 
! Undefined control sequence.
l.236   \max_i[\delta_\Tau
                          (i)]

Overfull \hbox (39.57024pt too wide) detected at line 237
[]\OT1/cmr/m/n/10 [\OML/cmm/m/it/10 ^^N[]i\OT1/cmr/m/n/10 )]

Overfull \hbox (20.0pt too wide) in paragraph at lines 239--244
[]

Overfull \hbox (6.43404pt too wide) in paragraph at lines 239--244
\OML/cmm/m/it/10 $

Overfull \hbox (20.0pt too wide) in paragraph at lines 245--245
[] 

Overfull \hbox (3.44513pt too wide) in paragraph at lines 246--249
\OML/cmm/m/it/10 i$

Overfull \hbox (3.61111pt too wide) in paragraph at lines 246--249
\OML/cmm/m/it/10 t$

Overfull \hbox (20.69986pt too wide) in paragraph at lines 246--249
\OT1/cmr/m/it/10 delta

Overfull \hbox (12.2666pt too wide) in paragraph at lines 246--249
\OT1/cmr/m/it/10 psi 

Overfull \hbox (36.54219pt too wide) in paragraph at lines 249--250
\OML/cmm/m/it/10 ^^Y[]b[]\OT1/cmr/m/n/10 (\OML/cmm/m/it/10 O[]\OT1/cmr/m/n/10 )
$ 
! Undefined control sequence.
l.253       = \argmax
                     _k[\delta_{t-1}(k)\ a_{ki}\ ]$

Overfull \hbox (50.1899pt too wide) in paragraph at lines 250--254
\OT1/cmr/m/it/10 delta$\OT1/cmr/m/n/10 [\OML/cmm/m/it/10 t\OT1/cmr/m/n/10 ][\OM
L/cmm/m/it/10 i\OT1/cmr/m/n/10 ] =

Overfull \hbox (100.16968pt too wide) in paragraph at lines 250--254
[][]\OT1/cmr/m/n/10 [\OML/cmm/m/it/10 ^^N[]\OT1/cmr/m/n/10 (\OML/cmm/m/it/10 k\
OT1/cmr/m/n/10 ) \OML/cmm/m/it/10 a[] \OT1/cmr/m/n/10 ]\OML/cmm/m/it/10 b[]\OT1
/cmr/m/n/10 (\OML/cmm/m/it/10 O[]\OT1/cmr/m/n/10 )$

Overfull \hbox (46.92862pt too wide) in paragraph at lines 250--254
\OT1/cmr/m/it/10 psi$\OT1/cmr/m/n/10 [\OML/cmm/m/it/10 t\OT1/cmr/m/n/10 ][\OML/
cmm/m/it/10 i\OT1/cmr/m/n/10 ] =[]

Overfull \hbox (50.09099pt too wide) in paragraph at lines 250--254
\OT1/cmr/m/n/10 [\OML/cmm/m/it/10 ^^N[]\OT1/cmr/m/n/10 (\OML/cmm/m/it/10 k\OT1/
cmr/m/n/10 ) \OML/cmm/m/it/10 a[] \OT1/cmr/m/n/10 ]$ 
! Undefined control sequence.
l.254 ...ath ending by selecting \emph{path}$[\Tau
                                                  ] =
! Undefined control sequence.
l.255       \argmax
                   _k[\textrm{\emph{delta}}[\Tau][k]]$. And follow that path
! Undefined control sequence.
l.255       \argmax_k[\textrm{\emph{delta}}[\Tau
                                                ][k]]$. And follow that path

Overfull \hbox (39.9427pt too wide) in paragraph at lines 254--258
\OT1/cmr/m/it/10 path$\OT1/cmr/m/n/10 [] =[]

Overfull \hbox (43.65456pt too wide) in paragraph at lines 254--258
\OT1/cmr/m/n/10 [[][][\OML/cmm/m/it/10 k\OT1/cmr/m/n/10 ]]$

Overfull \hbox (87.77515pt too wide) in paragraph at lines 254--258
\OT1/cmr/m/it/10 path$\OT1/cmr/m/n/10 [\OML/cmm/m/it/10 t\OT1/cmr/m/n/10 ] =$\O
T1/cmr/m/it/10 psi$\OT1/cmr/m/n/10 [$\OT1/cmr/m/it/10 path$\OT1/cmr/m/n/10 [\OM
L/cmm/m/it/10 t \OT1/cmr/m/n/10 +

Overfull \hbox (10.55559pt too wide) in paragraph at lines 254--258
\OT1/cmr/m/n/10 1]]$ 

Overfull \hbox (20.0pt too wide) in paragraph at lines 260--261
[]
! Undefined control sequence.
l.262 \subsection
                 {Baum-Welch Algorithm}

Overfull \hbox (20.0pt too wide) in paragraph at lines 262--263
[]
! Undefined control sequence.
l.266 no \DIFdelbegin
                      \DIFdel{know }\DIFdelend \DIFaddbegin \DIFadd{known }\...

! Undefined control sequence.
l.266 no \DIFdelbegin \DIFdel
                             {know }\DIFdelend \DIFaddbegin \DIFadd{known }\...

! Undefined control sequence.
l.266 no \DIFdelbegin \DIFdel{know }\DIFdelend
                                               \DIFaddbegin \DIFadd{known }\...

! Undefined control sequence.
l.266 ...gin \DIFdel{know }\DIFdelend \DIFaddbegin
                                                   \DIFadd{known }\DIFaddend...

! Undefined control sequence.
l.266 ...del{know }\DIFdelend \DIFaddbegin \DIFadd
                                                  {known }\DIFaddend way to ...

! Undefined control sequence.
l.266 ...nd \DIFaddbegin \DIFadd{known }\DIFaddend
                                                   way to find the globally ...


Overfull \hbox (20.0pt too wide) in paragraph at lines 264--268
[]

Overfull \hbox (6.43404pt too wide) in paragraph at lines 264--268
\OML/cmm/m/it/10 $

Overfull \hbox (6.18402pt too wide) in paragraph at lines 264--268
\OML/cmm/m/it/10 ^^L$

Overfull \hbox (6.05905pt too wide) in paragraph at lines 264--268
\OML/cmm/m/it/10 ^^Y$

Overfull \hbox (20.0pt too wide) in paragraph at lines 269--273
[]

Overfull \hbox (6.43404pt too wide) in paragraph at lines 269--273
\OML/cmm/m/it/10 $

Overfull \hbox (6.18402pt too wide) in paragraph at lines 269--273
\OML/cmm/m/it/10 ^^L$

Overfull \hbox (19.92108pt too wide) in paragraph at lines 269--273
\OML/cmm/m/it/10 ^^M[]\OT1/cmr/m/n/10 (\OML/cmm/m/it/10 i\OT1/cmr/m/n/10 )$

Overfull \hbox (9.46123pt too wide) in paragraph at lines 269--273
\OML/cmm/m/it/10 S[]$

Overfull \hbox (3.61111pt too wide) in paragraph at lines 269--273
\OML/cmm/m/it/10 t$

Overfull \hbox (20.0pt too wide) in paragraph at lines 274--274
[] 

Overfull \hbox (101.27264pt too wide) detected at line 276
\OML/cmm/m/it/10 ^^M[]\OT1/cmr/m/n/10 (\OML/cmm/m/it/10 i\OT1/cmr/m/n/10 ) = []
[\OML/cmm/m/it/10 q[] \OT1/cmr/m/n/10 = \OML/cmm/m/it/10 S[]\OMS/cmsy/m/n/10 j\
OML/cmm/m/it/10 O; ^^U\OT1/cmr/m/n/10 ]

Overfull \hbox (20.0pt too wide) in paragraph at lines 278--281
[]

Overfull \hbox (19.92108pt too wide) in paragraph at lines 278--281
\OML/cmm/m/it/10 ^^M[]\OT1/cmr/m/n/10 (\OML/cmm/m/it/10 i\OT1/cmr/m/n/10 )$

Overfull \hbox (18.54048pt too wide) in paragraph at lines 278--281
\OML/cmm/m/it/10 q[] \OT1/cmr/m/n/10 =

Overfull \hbox (9.46123pt too wide) in paragraph at lines 278--281
\OML/cmm/m/it/10 S[]$

Overfull \hbox (20.0pt too wide) in paragraph at lines 282--282
[] 
! Undefined control sequence.
<argument> \sum _{k=1}^N \alpha _\Tau 
                                      (k)
l.284   \alpha_\Tau(k)}
                       

Overfull \hbox (82.3535pt too wide) detected at line 285
\OML/cmm/m/it/10 ^^M[]\OT1/cmr/m/n/10 (\OML/cmm/m/it/10 i\OT1/cmr/m/n/10 ) = []


! LaTeX Error: Environment align* undefined.

See the LaTeX manual or LaTeX Companion for explanation.
Type  H <return>  for immediate help.
 ...                                              
                                                  
l.288 \begin{align*}
                    
! Missing $ inserted.
<inserted text> 
                $
l.289   \alpha
              _t(i) \beta_t(i) &= \Pr[O_1\ O_2\ \ldots\ O_t \cap q_t = S_i \...

! Misplaced alignment tab character &.
l.289   \alpha_t(i) \beta_t(i) &
                                = \Pr[O_1\ O_2\ \ldots\ O_t \cap q_t = S_i \...

! Misplaced alignment tab character &.
<recently read> &
                 
l.291     &
           = \Pr[O_1\ O_2\ \ldots\ O_\Tau \cap q_t = S_i \vert \lambda]
! Undefined control sequence.
l.291     &= \Pr[O_1\ O_2\ \ldots\ O_\Tau
                                          \cap q_t = S_i \vert \lambda]
! Undefined control sequence.
l.292   \intertext
                  {and}
! Undefined control sequence.
l.293   \sum_{k=1}^N \alpha_\Tau
                                (k) &= \Pr[O \vert \lambda]
! Misplaced alignment tab character &.
l.293   \sum_{k=1}^N \alpha_\Tau(k) &
                                     = \Pr[O \vert \lambda]

! LaTeX Error: \begin{document} ended by \end{align*}.

See the LaTeX manual or LaTeX Companion for explanation.
Type  H <return>  for immediate help.
 ...                                              
                                                  
l.294 \end{align*}
                  
! Missing $ inserted.
<inserted text> 
                $
l.294 \end{align*}
                  

Overfull \hbox (20.0pt too wide) in paragraph at lines 287--295
[]

Overfull \hbox (52.09633pt too wide) in paragraph at lines 287--295
\OML/cmm/m/it/10 []\OT1/cmr/m/n/10 (\OML/cmm/m/it/10 i\OT1/cmr/m/n/10 )\OML/cm
m/m/it/10 ^^L[]\OT1/cmr/m/n/10 (\OML/cmm/m/it/10 i\OT1/cmr/m/n/10 ) =

Overfull \hbox (70.54297pt too wide) in paragraph at lines 287--295
[]\OT1/cmr/m/n/10 [\OML/cmm/m/it/10 O[] O[]  []  O[] \OMS/cmsy/m/n/10 \

Overfull \hbox (18.54048pt too wide) in paragraph at lines 287--295
\OML/cmm/m/it/10 q[] \OT1/cmr/m/n/10 =

Overfull \hbox (107.71133pt too wide) in paragraph at lines 287--295
\OML/cmm/m/it/10 S[]\OMS/cmsy/m/n/10 j\OML/cmm/m/it/10 ^^U\OT1/cmr/m/n/10 ] [][
\OML/cmm/m/it/10 O[] O[]  []  O[]\OMS/cmsy/m/n/10 j\OML/cmm/m/it/10 q[] \OT1/cm
r/m/n/10 =

Overfull \hbox (22.51678pt too wide) in paragraph at lines 287--295
\OML/cmm/m/it/10 S[]; ^^U\OT1/cmr/m/n/10 ][] 

Overfull \hbox (7.7778pt too wide) in paragraph at lines 287--295
\OT1/cmr/m/n/10 =

Overfull \hbox (84.78482pt too wide) in paragraph at lines 287--295
[]\OT1/cmr/m/n/10 [\OML/cmm/m/it/10 O[] O[]  []  O[]q[] \OT1/cmr/m/n/10 =

Overfull \hbox (96.2646pt too wide) in paragraph at lines 287--295
\OML/cmm/m/it/10 S[]\OMS/cmsy/m/n/10 j\OML/cmm/m/it/10 ^^U\OT1/cmr/m/n/10 ][] [
][] \OML/cmm/m/it/10 []k\OT1/cmr/m/n/10 ) =

Overfull \hbox (32.79451pt too wide) in paragraph at lines 287--295
[]\OT1/cmr/m/n/10 [\OML/cmm/m/it/10 O\OMS/cmsy/m/n/10 j\OML/cmm/m/it/10 ^^U\OT1
/cmr/m/n/10 ]$ 

Overfull \hbox (20.0pt too wide) in paragraph at lines 296--300
[]

Overfull \hbox (28.2537pt too wide) in paragraph at lines 296--300
\OML/cmm/m/it/10 ^^X[]\OT1/cmr/m/n/10 (\OML/cmm/m/it/10 i; j\OT1/cmr/m/n/10 )$

Overfull \hbox (18.54048pt too wide) in paragraph at lines 296--300
\OML/cmm/m/it/10 q[] \OT1/cmr/m/n/10 =

Overfull \hbox (9.46123pt too wide) in paragraph at lines 296--300
\OML/cmm/m/it/10 S[]$

Overfull \hbox (28.66553pt too wide) in paragraph at lines 296--300
\OML/cmm/m/it/10 q[] \OT1/cmr/m/n/10 =

Overfull \hbox (10.3455pt too wide) in paragraph at lines 296--300
\OML/cmm/m/it/10 S[]$

Overfull \hbox (20.0pt too wide) in paragraph at lines 301--301
[] 

Overfull \hbox (158.06068pt too wide) detected at line 303
\OML/cmm/m/it/10 ^^X[]\OT1/cmr/m/n/10 (\OML/cmm/m/it/10 i; j\OT1/cmr/m/n/10 ) =
 [][\OML/cmm/m/it/10 q[] \OT1/cmr/m/n/10 = \OML/cmm/m/it/10 S[] \OMS/cmsy/m/n/1
0 \ \OML/cmm/m/it/10 q[] \OT1/cmr/m/n/10 = \OML/cmm/m/it/10 S[]\OMS/cmsy/m/n/10
 j\OML/cmm/m/it/10 O; ^^U\OT1/cmr/m/n/10 ]

Overfull \hbox (20.0pt too wide) in paragraph at lines 305--308
[]

Overfull \hbox (5.73285pt too wide) in paragraph at lines 305--308
\OML/cmm/m/it/10 ^^M$

Overfull \hbox (28.66553pt too wide) in paragraph at lines 305--308
\OML/cmm/m/it/10 q[] \OT1/cmr/m/n/10 =

Overfull \hbox (10.3455pt too wide) in paragraph at lines 305--308
\OML/cmm/m/it/10 S[]$

Overfull \hbox (20.0pt too wide) in paragraph at lines 309--309
[] 
! Undefined control sequence.
<argument> \sum _{k=1}^N \alpha _\Tau 
                                      (k)
l.311 ...ta_{t+1}(j)}{\sum_{k=1}^N \alpha_\Tau(k)}
                                                  

Overfull \hbox (146.78354pt too wide) detected at line 312
\OML/cmm/m/it/10 ^^X[]\OT1/cmr/m/n/10 (\OML/cmm/m/it/10 i; j\OT1/cmr/m/n/10 ) =
 []

Overfull \hbox (20.0pt too wide) in paragraph at lines 314--317
[]

Overfull \hbox (20.0pt too wide) in paragraph at lines 318--318
[] 

Overfull \hbox (125.566pt too wide) detected at line 320
\OML/cmm/m/it/10 ^^Y[] \OT1/cmr/m/n/10 = [][\OML/cmm/m/it/10 q[] \OT1/cmr/m/n/1
0 = \OML/cmm/m/it/10 S[]\OMS/cmsy/m/n/10 j\OML/cmm/m/it/10 O; ^^U\OT1/cmr/m/n/1
0 ] = \OML/cmm/m/it/10 ^^M[]\OT1/cmr/m/n/10 (\OML/cmm/m/it/10 i\OT1/cmr/m/n/10 
)

Overfull \hbox (20.0pt too wide) in paragraph at lines 322--322
[] 
! Undefined control sequence.
<argument> \E 
              [\textrm {number of transitions from $S_i$ to $S_t$}]
l.324 ...extrm{number of transitions from $S_i$}]}
                                                   =
! Undefined control sequence.
<argument> \E 
              [\textrm {number of transitions from $S_i$}]
l.324 ...extrm{number of transitions from $S_i$}]}
                                                   =

Overfull \hbox (263.34514pt too wide) detected at line 326
\OML/cmm/m/it/10 a[] \OT1/cmr/m/n/10 = [] = []

Overfull \hbox (20.0pt too wide) in paragraph at lines 328--328
[] 
! Undefined control sequence.
<argument> \E 
              [\textrm {number of times in state $i$ and emitting symbol $k$}]
l.330 ...E[\textrm{number of times in state $i$}]}
                                                   = \frac{\sum_{t\ \textrm{...

! Undefined control sequence.
<argument> \E 
              [\textrm {number of times in state $i$}]
l.330 ...E[\textrm{number of times in state $i$}]}
                                                   = \frac{\sum_{t\ \textrm{...


Overfull \hbox (347.56677pt too wide) detected at line 331
\OML/cmm/m/it/10 b[]\OT1/cmr/m/n/10 (\OML/cmm/m/it/10 k\OT1/cmr/m/n/10 ) = [] =
 []
! Undefined control sequence.
l.337 ...tional on $O$ and $\lambda$. \DIFdelbegin
                                                   \DIFdel{With these new pa...

! Undefined control sequence.
l.337 ...n $O$ and $\lambda$. \DIFdelbegin \DIFdel
                                                  {With these new parameters...

! Undefined control sequence.
l.338 improve the likelihood }\DIFdelend
                                         \DIFaddbegin \DIFadd{This process u...

! Undefined control sequence.
l.338 ...e the likelihood }\DIFdelend \DIFaddbegin
                                                   \DIFadd{This process uses...

! Undefined control sequence.
l.338 ...kelihood }\DIFdelend \DIFaddbegin \DIFadd
                                                  {This process uses the cur...

! Undefined control sequence.
l.341 a higher probability }\DIFaddend
                                       of observing $O$, \DIFdelbegin \DIFde...

! Undefined control sequence.
l.341 ...\DIFaddend of observing $O$, \DIFdelbegin
                                                   \DIFdel{we can repeat thi...

! Undefined control sequence.
l.341 ...nd of observing $O$, \DIFdelbegin \DIFdel
                                                  {we can repeat this proces...

! Undefined control sequence.
l.341 ...del{we can repeat this process}\DIFdelend
                                                   \DIFaddbegin \DIFadd{than...

! Undefined control sequence.
l.341 ...peat this process}\DIFdelend \DIFaddbegin
                                                   \DIFadd{than the algorith...

! Undefined control sequence.
l.341 ...s process}\DIFdelend \DIFaddbegin \DIFadd
                                                  {than the algorithm termin...

! Undefined control sequence.
l.345 probability of $O$ than the other}\DIFaddend
                                                   .
)
! Emergency stop.
<*> /tmp/git-latexdiff.G43nJU/diff.tex
                                      
!  ==> Fatal error occurred, no output PDF file produced!
Transcript written on /tmp/git-latexdiff.G43nJU/diff.log.
This is pdfTeX, Version 3.14159265-2.6-1.40.16 (TeX Live 2015) (preloaded format=pdflatex)
 restricted \write18 enabled.
entering extended mode
(/tmp/git-latexdiff.wU3uEc/diff.tex
LaTeX2e <2015/01/01>
Babel <3.9l> and hyphenation patterns for 79 languages loaded.
! Undefined control sequence.
l.2 \tikzset
            {statenode/.style={circle, draw, very thick, minimum size=20mm}}

! LaTeX Error: Missing \begin{document}.

See the LaTeX manual or LaTeX Companion for explanation.
Type  H <return>  for immediate help.
 ...                                              
                                                  
l.2 \tikzset{s
              tatenode/.style={circle, draw, very thick, minimum size=20mm}}
! Undefined control sequence.
l.3 \tikzset
            {observnode/.style={rectangle, draw, very thick, minimum size=20...


! LaTeX Error: Environment figure undefined.

See the LaTeX manual or LaTeX Companion for explanation.
Type  H <return>  for immediate help.
 ...                                              
                                                  
l.5 \begin{figure}
                  

! LaTeX Error: Environment tikzpicture undefined.

See the LaTeX manual or LaTeX Companion for explanation.
Type  H <return>  for immediate help.
 ...                                              
                                                  
l.6 	\begin{tikzpicture}
                        
! Undefined control sequence.
l.8 		\node
           [statenode] (CS) at (2,0) [draw, align=center] {Computer \\ Scien...

! Undefined control sequence.
l.9 		\node
           [statenode] (bio) at (8,0) {Biology};
! Undefined control sequence.
l.10 		\node
            [statenode] (ling) at (14, 0) {Linguistics};

Overfull \hbox (20.0pt too wide) in paragraph at lines 2--11
[]
! Undefined control sequence.
l.14 		 \path
             [->] (CS) edge  [loop above] node {0.8} ();

! LaTeX Error: Missing \begin{document}.

See the LaTeX manual or LaTeX Companion for explanation.
Type  H <return>  for immediate help.
 ...                                              
                                                  
l.14 		 \path[
              ->] (CS) edge  [loop above] node {0.8} ();
! Undefined control sequence.
l.15 		 \path
             [->] (CS) edge [bend left] node [fill=white] {0.1} (bio);
! Undefined control sequence.
l.16 		 \path
             [->] (CS) edge [looseness = 1.4] node [fill=white] {0.1} (ling);

Overfull \hbox (20.0pt too wide) in paragraph at lines 14--17
[]
! Undefined control sequence.
l.18 		 \path
             [->] (bio) edge [bend left] node [fill=white] {0.2} (CS);

! LaTeX Error: Missing \begin{document}.

See the LaTeX manual or LaTeX Companion for explanation.
Type  H <return>  for immediate help.
 ...                                              
                                                  
l.18 		 \path[
              ->] (bio) edge [bend left] node [fill=white] {0.2} (CS);
! Undefined control sequence.
l.19 		 \path
             [->] (bio) edge [loop above] node {0.7} ();
! Undefined control sequence.
l.20 		 \path
             [->] (bio) edge [bend left] node [fill=white] {0.1} (ling);

Overfull \hbox (20.0pt too wide) in paragraph at lines 18--21
[]
! Undefined control sequence.
l.23 		 \path
             [->] (ling) edge [bend left, looseness = 1.2] node [fill=white]...


! LaTeX Error: Missing \begin{document}.

See the LaTeX manual or LaTeX Companion for explanation.
Type  H <return>  for immediate help.
 ...                                              
                                                  
l.23 		 \path[
              ->] (ling) edge [bend left, looseness = 1.2] node [fill=white]...

! Undefined control sequence.
l.24 		 \path
             [->] (ling) edge [bend left] node [fill=white] {0.3} (bio);
! Undefined control sequence.
l.25 		 \path
             [->] (ling) edge [loop above] node {0.6} ();

Overfull \hbox (20.0pt too wide) in paragraph at lines 23--26
[]
! Undefined control sequence.
l.30 		 \node
             [observnode] (med) at (0, -9) [draw, align=center] {Medical \\ ...


! LaTeX Error: Missing \begin{document}.

See the LaTeX manual or LaTeX Companion for explanation.
Type  H <return>  for immediate help.
 ...                                              
                                                  
l.30 		 \node[
              observnode] (med) at (0, -9) [draw, align=center] {Medical \\ ...

! Undefined control sequence.
l.31 		 \node
             [observnode] (grad) at (5, -9) [draw, align=center] {Graduate \...

! Undefined control sequence.
l.32 		 \node
             [observnode] (law) at (10, -9) [draw, align=center] {Law \\ Sch...

! Undefined control sequence.
l.33 		 \node
             [observnode] (job) at (15, -9) [draw, align=center] {Job};

Overfull \hbox (20.0pt too wide) in paragraph at lines 30--34
[]
! Undefined control sequence.
l.35 		 \path
             [->, very thick] (CS) edge [bend right] node [fill=white] {0.05...


! LaTeX Error: Missing \begin{document}.

See the LaTeX manual or LaTeX Companion for explanation.
Type  H <return>  for immediate help.
 ...                                              
                                                  
l.35 		 \path[
              ->, very thick] (CS) edge [bend right] node [fill=white] {0.05...

! Undefined control sequence.
l.36 		 \path
             [->, very thick] (CS) edge [bend right, looseness = 0.8] node [...

! Undefined control sequence.
l.37 		 \path
             [->, very thick] (CS) edge [bend right] node [fill=white, loose...

! Undefined control sequence.
l.38 		 \path
             [->, very thick] (CS) edge [bend right] node [fill=white, loose...


Overfull \hbox (20.0pt too wide) in paragraph at lines 35--39
[]
! Undefined control sequence.
l.41 		\path
            [->, very thick] (bio) edge [bend right, looseness = 0.3] node [...


! LaTeX Error: Missing \begin{document}.

See the LaTeX manual or LaTeX Companion for explanation.
Type  H <return>  for immediate help.
 ...                                              
                                                  
l.41 		\path[
             ->, very thick] (bio) edge [bend right, looseness = 0.3] node [...

! Undefined control sequence.
l.42 		\path
            [->, very thick] (bio) edge [bend right, looseness = 0.8] node [...

! Undefined control sequence.
l.43 		\path
            [->, very thick] (bio) edge [bend left, looseness = 0.8] node [f...

! Undefined control sequence.
l.44 		\path
            [->, very thick] (bio) edge [bend left, looseness = 0.8] node [f...


Overfull \hbox (20.0pt too wide) in paragraph at lines 41--45
[]
! Undefined control sequence.
l.48 		\path
            [->, very thick] (ling) edge [bend left, looseness = 0.5] node [...


! LaTeX Error: Missing \begin{document}.

See the LaTeX manual or LaTeX Companion for explanation.
Type  H <return>  for immediate help.
 ...                                              
                                                  
l.48 		\path[
             ->, very thick] (ling) edge [bend left, looseness = 0.5] node [...

! Undefined control sequence.
l.49 		\path
            [->, very thick] (ling) edge [bend left, looseness = 0.8] node [...


Overfull \hbox (20.0pt too wide) in paragraph at lines 48--50
[]

! LaTeX Error: \begin{document} ended by \end{tikzpicture}.

See the LaTeX manual or LaTeX Companion for explanation.
Type  H <return>  for immediate help.
 ...                                              
                                                  
l.53 	\end{tikzpicture}
                       

! LaTeX Error: Missing \begin{document}.

See the LaTeX manual or LaTeX Companion for explanation.
Type  H <return>  for immediate help.
 ...                                              
                                                  
l.54 	F
       igure 1. A Trellis diagram for the Hidden Markov Model example outlin...


! LaTeX Error: \begin{document} ended by \end{figure}.

See the LaTeX manual or LaTeX Companion for explanation.
Type  H <return>  for immediate help.
 ...                                              
                                                  
l.55 \end{figure}
                 
)
! Emergency stop.
<*> /tmp/git-latexdiff.wU3uEc/diff.tex
                                      
!  ==> Fatal error occurred, no output PDF file produced!
Transcript written on /tmp/git-latexdiff.wU3uEc/diff.log.
